[debug] [2022-03-24T20:49:08.615Z] ----------------------------------------------------------------------
[debug] [2022-03-24T20:49:08.616Z] Command:       /usr/bin/node /usr/bin/firebase emulators:start
[debug] [2022-03-24T20:49:08.617Z] CLI Version:   10.4.2
[debug] [2022-03-24T20:49:08.617Z] Platform:      linux
[debug] [2022-03-24T20:49:08.617Z] Node Version:  v16.14.2
[debug] [2022-03-24T20:49:08.624Z] Time:          Thu Mar 24 2022 21:49:08 GMT+0100 (West Africa Standard Time)
[debug] [2022-03-24T20:49:08.624Z] ----------------------------------------------------------------------
[debug] 
[debug] [2022-03-24T20:49:08.689Z] > command requires scopes: ["email","openid","https://www.googleapis.com/auth/cloudplatformprojects.readonly","https://www.googleapis.com/auth/firebase","https://www.googleapis.com/auth/cloud-platform"]
[debug] [2022-03-24T20:49:08.690Z] > authorizing via signed-in user (blessedmarcel1@gmail.com)
[info] i  emulators: Starting emulators: database {"metadata":{"emulator":{"name":"hub"},"message":"Starting emulators: database"}}
[debug] [2022-03-24T20:49:08.736Z] [hub] writing locator at /tmp/hub-the-store-b3c99.json
[debug] [2022-03-24T20:49:08.826Z] >>> [apiv2][query] GET https://firebase.googleapis.com/v1beta1/projects/the-store-b3c99 [none]
[debug] [2022-03-24T20:49:11.206Z] <<< [apiv2][status] GET https://firebase.googleapis.com/v1beta1/projects/the-store-b3c99 200
[debug] [2022-03-24T20:49:11.213Z] <<< [apiv2][body] GET https://firebase.googleapis.com/v1beta1/projects/the-store-b3c99 {"projectId":"the-store-b3c99","projectNumber":"536408356149","displayName":"The Store","name":"projects/the-store-b3c99","resources":{"hostingSite":"the-store-b3c99","realtimeDatabaseInstance":"the-store-b3c99-default-rtdb","storageBucket":"the-store-b3c99.appspot.com","locationId":"us-central"},"state":"ACTIVE"}
[debug] [2022-03-24T20:49:11.216Z] database rules config:  [{"instance":"the-store-b3c99-default-rtdb","rules":"/home/iamclement/Desktop/project/e-commerce/database.rules.json"}]
[debug] [2022-03-24T20:49:11.241Z] Ignoring unsupported arg: projectId {"metadata":{"emulator":{"name":"database"},"message":"Ignoring unsupported arg: projectId"}}
[debug] [2022-03-24T20:49:11.241Z] Ignoring unsupported arg: auto_download {"metadata":{"emulator":{"name":"database"},"message":"Ignoring unsupported arg: auto_download"}}
[debug] [2022-03-24T20:49:11.242Z] Ignoring unsupported arg: rules {"metadata":{"emulator":{"name":"database"},"message":"Ignoring unsupported arg: rules"}}
[debug] [2022-03-24T20:49:11.242Z] Starting Database Emulator with command {"binary":"java","args":["-Duser.language=en","-jar","/home/iamclement/.cache/firebase/emulators/firebase-database-emulator-v4.7.3.jar","--host","localhost","--port",9000],"optionalArgs":["port","host","functions_emulator_port","functions_emulator_host"],"joinArgs":false} {"metadata":{"emulator":{"name":"database"},"message":"Starting Database Emulator with command {\"binary\":\"java\",\"args\":[\"-Duser.language=en\",\"-jar\",\"/home/iamclement/.cache/firebase/emulators/firebase-database-emulator-v4.7.3.jar\",\"--host\",\"localhost\",\"--port\",9000],\"optionalArgs\":[\"port\",\"host\",\"functions_emulator_port\",\"functions_emulator_host\"],\"joinArgs\":false}"}}
[info] i  database: Database Emulator logging to database-debug.log {"metadata":{"emulator":{"name":"database"},"message":"Database Emulator logging to \u001b[1mdatabase-debug.log\u001b[22m"}}
[debug] [2022-03-24T20:49:13.761Z] 21:49:13.759 [NamespaceSystem-akka.actor.default-dispatcher-4] INFO akka.event.slf4j.Slf4jLogger - Slf4jLogger started
 {"metadata":{"emulator":{"name":"database"},"message":"21:49:13.759 [NamespaceSystem-akka.actor.default-dispatcher-4] INFO akka.event.slf4j.Slf4jLogger - Slf4jLogger started\n"}}
[debug] [2022-03-24T20:49:13.981Z] 21:49:13.981 [main] INFO com.firebase.server.forge.App$ - Listening at localhost:9000
 {"metadata":{"emulator":{"name":"database"},"message":"21:49:13.981 [main] INFO com.firebase.server.forge.App$ - Listening at localhost:9000\n"}}
[info] i  ui: downloading ui-v1.6.5.zip... {"metadata":{"emulator":{"name":"ui"},"message":"downloading ui-v1.6.5.zip..."}}
[debug] [2022-03-24T20:49:14.053Z] >>> [apiv2][query] GET https://storage.googleapis.com/firebase-preview-drop/emulator/ui-v1.6.5.zip 
[debug] [2022-03-24T20:49:14.395Z] <<< [apiv2][status] GET https://storage.googleapis.com/firebase-preview-drop/emulator/ui-v1.6.5.zip 200
[debug] [2022-03-24T20:49:14.395Z] <<< [apiv2][body] GET https://storage.googleapis.com/firebase-preview-drop/emulator/ui-v1.6.5.zip [stream]
[debug] [2022-03-24T20:49:22.763Z] Ignoring unsupported arg: auto_download {"metadata":{"emulator":{"name":"ui"},"message":"Ignoring unsupported arg: auto_download"}}
[debug] [2022-03-24T20:49:22.764Z] Ignoring unsupported arg: port {"metadata":{"emulator":{"name":"ui"},"message":"Ignoring unsupported arg: port"}}
[debug] [2022-03-24T20:49:22.764Z] Starting Emulator UI with command {"binary":"node","args":["/home/iamclement/.cache/firebase/emulators/ui-v1.6.5/server.bundle.js"],"optionalArgs":[],"joinArgs":false} {"metadata":{"emulator":{"name":"ui"},"message":"Starting Emulator UI with command {\"binary\":\"node\",\"args\":[\"/home/iamclement/.cache/firebase/emulators/ui-v1.6.5/server.bundle.js\"],\"optionalArgs\":[],\"joinArgs\":false}"}}
[info] i  ui: Emulator UI logging to ui-debug.log {"metadata":{"emulator":{"name":"ui"},"message":"Emulator UI logging to \u001b[1mui-debug.log\u001b[22m"}}
[debug] [2022-03-24T20:49:22.887Z] Web / API server started at localhost:4000
 {"metadata":{"emulator":{"name":"ui"},"message":"Web / API server started at localhost:4000\n"}}
[debug] [2022-03-24T20:49:23.034Z] >>> HTTP REQUEST PUT http://localhost:9000/.settings/rules.json?ns=the-store-b3c99-default-rtdb  
 {
  /* Visit https://firebase.google.com/docs/database/security to learn more about security rules. */
  "rules": {
    ".read": false,
    ".write": false
  }
}
[debug] [2022-03-24T20:49:24.067Z] <<< HTTP RESPONSE 200 {"content-length":"15","content-type":"application/json; charset=utf-8","access-control-allow-origin":"*","cache-control":"no-cache","x-firebase-project-id":"the-store-b3c99-default-rtdb","x-firebase-project-number":"123456789","x-firebase-uuid":"33eaffe7-19fb-4874-83f4-76d7e484dbcf"}
[info] 
┌─────────────────────────────────────────────────────────────┐
│ ✔  All emulators ready! It is now safe to connect your app. │
│ i  View Emulator UI at http://localhost:4000                │
└─────────────────────────────────────────────────────────────┘

┌──────────┬────────────────┬────────────────────────────────┐
│ Emulator │ Host:Port      │ View in Emulator UI            │
├──────────┼────────────────┼────────────────────────────────┤
│ Database │ localhost:9000 │ http://localhost:4000/database │
└──────────┴────────────────┴────────────────────────────────┘
  Emulator Hub running at localhost:4400
  Other reserved ports: 4500

Issues? Report them at https://github.com/firebase/firebase-tools/issues and attach the *-debug.log files.
 
